2025-03-01 21:28:21 [main] INFO  c.e.S.SecondSpringAppApplication - Starting SecondSpringAppApplication using Java 23.0.2 with PID 90783 (/Users/sachinkumar/Desktop/java/BL_SpringBoot/SecondSpringApp/target/classes started by sachinkumar in /Users/sachinkumar/Desktop/java/BL_SpringBoot/SecondSpringApp)
  2025-03-01 21:28:21 [main] INFO  c.e.S.SecondSpringAppApplication - No active profile set, falling back to 1 default profile: "default"
  2025-03-01 21:28:22 [main] INFO  o.s.b.w.e.tomcat.TomcatWebServer - Tomcat initialized with port 8080 (http)
  2025-03-01 21:28:22 [main] INFO  o.a.catalina.core.StandardService - Starting service [Tomcat]
  2025-03-01 21:28:22 [main] INFO  o.a.catalina.core.StandardEngine - Starting Servlet engine: [Apache Tomcat/10.1.36]
  2025-03-01 21:28:22 [main] INFO  o.a.c.c.C.[Tomcat].[localhost].[/] - Initializing Spring embedded WebApplicationContext
  2025-03-01 21:28:22 [main] INFO  o.s.b.w.s.c.ServletWebServerApplicationContext - Root WebApplicationContext: initialization completed in 439 ms
  2025-03-01 21:28:22 [main] WARN  o.s.b.w.s.c.AnnotationConfigServletWebServerApplicationContext - Exception encountered during context initialization - cancelling refresh attempt: org.springframework.context.ApplicationContextException: Failed to start bean 'webServerStartStop'
  2025-03-01 21:28:22 [main] INFO  o.s.b.a.l.ConditionEvaluationReportLogger - 

Error starting ApplicationContext. To display the condition evaluation report re-run your application with 'debug' enabled.
  2025-03-01 21:28:22 [main] ERROR o.s.b.d.LoggingFailureAnalysisReporter - 

***************************
APPLICATION FAILED TO START
***************************

Description:

Web server failed to start. Port 8080 was already in use.

Action:

Identify and stop the process that's listening on port 8080 or configure this application to listen on another port.

  2025-03-01 21:28:42 [main] INFO  c.e.S.SecondSpringAppApplication - Starting SecondSpringAppApplication using Java 23.0.2 with PID 90801 (/Users/sachinkumar/Desktop/java/BL_SpringBoot/SecondSpringApp/target/classes started by sachinkumar in /Users/sachinkumar/Desktop/java/BL_SpringBoot/SecondSpringApp)
  2025-03-01 21:28:42 [main] INFO  c.e.S.SecondSpringAppApplication - No active profile set, falling back to 1 default profile: "default"
  2025-03-01 21:28:43 [main] INFO  o.s.b.w.e.tomcat.TomcatWebServer - Tomcat initialized with port 8080 (http)
  2025-03-01 21:28:43 [main] INFO  o.a.catalina.core.StandardService - Starting service [Tomcat]
  2025-03-01 21:28:43 [main] INFO  o.a.catalina.core.StandardEngine - Starting Servlet engine: [Apache Tomcat/10.1.36]
  2025-03-01 21:28:43 [main] INFO  o.a.c.c.C.[Tomcat].[localhost].[/] - Initializing Spring embedded WebApplicationContext
  2025-03-01 21:28:43 [main] INFO  o.s.b.w.s.c.ServletWebServerApplicationContext - Root WebApplicationContext: initialization completed in 404 ms
  2025-03-01 21:28:43 [main] WARN  o.s.b.w.s.c.AnnotationConfigServletWebServerApplicationContext - Exception encountered during context initialization - cancelling refresh attempt: org.springframework.context.ApplicationContextException: Failed to start bean 'webServerStartStop'
  2025-03-01 21:28:43 [main] INFO  o.s.b.a.l.ConditionEvaluationReportLogger - 

Error starting ApplicationContext. To display the condition evaluation report re-run your application with 'debug' enabled.
  2025-03-01 21:28:43 [main] ERROR o.s.b.d.LoggingFailureAnalysisReporter - 

***************************
APPLICATION FAILED TO START
***************************

Description:

Web server failed to start. Port 8080 was already in use.

Action:

Identify and stop the process that's listening on port 8080 or configure this application to listen on another port.

  2025-03-01 21:29:41 [main] INFO  c.e.S.SecondSpringAppApplication - Starting SecondSpringAppApplication using Java 23.0.2 with PID 90928 (/Users/sachinkumar/Desktop/java/BL_SpringBoot/SecondSpringApp/target/classes started by sachinkumar in /Users/sachinkumar/Desktop/java/BL_SpringBoot/SecondSpringApp)
  2025-03-01 21:29:41 [main] INFO  c.e.S.SecondSpringAppApplication - No active profile set, falling back to 1 default profile: "default"
  2025-03-01 21:29:41 [main] INFO  o.s.b.w.e.tomcat.TomcatWebServer - Tomcat initialized with port 8080 (http)
  2025-03-01 21:29:41 [main] INFO  o.a.catalina.core.StandardService - Starting service [Tomcat]
  2025-03-01 21:29:41 [main] INFO  o.a.catalina.core.StandardEngine - Starting Servlet engine: [Apache Tomcat/10.1.36]
  2025-03-01 21:29:41 [main] INFO  o.a.c.c.C.[Tomcat].[localhost].[/] - Initializing Spring embedded WebApplicationContext
  2025-03-01 21:29:41 [main] INFO  o.s.b.w.s.c.ServletWebServerApplicationContext - Root WebApplicationContext: initialization completed in 414 ms
  2025-03-01 21:29:41 [main] WARN  o.s.b.w.s.c.AnnotationConfigServletWebServerApplicationContext - Exception encountered during context initialization - cancelling refresh attempt: org.springframework.context.ApplicationContextException: Failed to start bean 'webServerStartStop'
  2025-03-01 21:29:41 [main] INFO  o.s.b.a.l.ConditionEvaluationReportLogger - 

Error starting ApplicationContext. To display the condition evaluation report re-run your application with 'debug' enabled.
  2025-03-01 21:29:41 [main] ERROR o.s.b.d.LoggingFailureAnalysisReporter - 

***************************
APPLICATION FAILED TO START
***************************

Description:

Web server failed to start. Port 8080 was already in use.

Action:

Identify and stop the process that's listening on port 8080 or configure this application to listen on another port.

  2025-03-01 21:31:05 [main] INFO  c.e.S.SecondSpringAppApplication - Starting SecondSpringAppApplication using Java 23.0.2 with PID 91105 (/Users/sachinkumar/Desktop/java/BL_SpringBoot/SecondSpringApp/target/classes started by sachinkumar in /Users/sachinkumar/Desktop/java/BL_SpringBoot/SecondSpringApp)
  2025-03-01 21:31:05 [main] INFO  c.e.S.SecondSpringAppApplication - No active profile set, falling back to 1 default profile: "default"
  2025-03-01 21:31:05 [main] INFO  o.s.b.w.e.tomcat.TomcatWebServer - Tomcat initialized with port 9090 (http)
  2025-03-01 21:31:05 [main] INFO  o.a.catalina.core.StandardService - Starting service [Tomcat]
  2025-03-01 21:31:05 [main] INFO  o.a.catalina.core.StandardEngine - Starting Servlet engine: [Apache Tomcat/10.1.36]
  2025-03-01 21:31:05 [main] INFO  o.a.c.c.C.[Tomcat].[localhost].[/] - Initializing Spring embedded WebApplicationContext
  2025-03-01 21:31:05 [main] INFO  o.s.b.w.s.c.ServletWebServerApplicationContext - Root WebApplicationContext: initialization completed in 438 ms
  2025-03-01 21:31:05 [main] INFO  o.s.b.w.e.tomcat.TomcatWebServer - Tomcat started on port 9090 (http) with context path '/'
  2025-03-01 21:31:05 [main] INFO  c.e.S.SecondSpringAppApplication - Started SecondSpringAppApplication in 0.89 seconds (process running for 1.116)
  2025-03-01 21:31:05 [main] INFO  c.e.S.SecondSpringAppApplication - Application started successfully!
  2025-03-01 21:31:22 [http-nio-9090-exec-1] INFO  o.a.c.c.C.[Tomcat].[localhost].[/] - Initializing Spring DispatcherServlet 'dispatcherServlet'
  2025-03-01 21:31:22 [http-nio-9090-exec-1] INFO  o.s.web.servlet.DispatcherServlet - Initializing Servlet 'dispatcherServlet'
  2025-03-01 21:31:22 [http-nio-9090-exec-1] INFO  o.s.web.servlet.DispatcherServlet - Completed initialization in 2 ms
  2025-03-01 21:31:22 [http-nio-9090-exec-1] INFO  c.e.S.controller.HelloController - Received request at /api/hello
  2025-03-01 21:31:44 [main] INFO  c.e.S.SecondSpringAppApplication - Starting SecondSpringAppApplication using Java 23.0.2 with PID 91199 (/Users/sachinkumar/Desktop/java/BL_SpringBoot/SecondSpringApp/target/classes started by sachinkumar in /Users/sachinkumar/Desktop/java/BL_SpringBoot/SecondSpringApp)
  2025-03-01 21:31:44 [main] INFO  c.e.S.SecondSpringAppApplication - No active profile set, falling back to 1 default profile: "default"
  2025-03-01 21:31:45 [main] INFO  o.s.b.w.e.tomcat.TomcatWebServer - Tomcat initialized with port 9090 (http)
  2025-03-01 21:31:45 [main] INFO  o.a.catalina.core.StandardService - Starting service [Tomcat]
  2025-03-01 21:31:45 [main] INFO  o.a.catalina.core.StandardEngine - Starting Servlet engine: [Apache Tomcat/10.1.36]
  2025-03-01 21:31:45 [main] INFO  o.a.c.c.C.[Tomcat].[localhost].[/] - Initializing Spring embedded WebApplicationContext
  2025-03-01 21:31:45 [main] INFO  o.s.b.w.s.c.ServletWebServerApplicationContext - Root WebApplicationContext: initialization completed in 551 ms
  2025-03-01 21:31:45 [main] INFO  o.s.b.w.e.tomcat.TomcatWebServer - Tomcat started on port 9090 (http) with context path '/'
  2025-03-01 21:31:45 [main] INFO  c.e.S.SecondSpringAppApplication - Started SecondSpringAppApplication in 1.025 seconds (process running for 1.232)
  2025-03-01 21:31:45 [main] INFO  c.e.S.SecondSpringAppApplication - Application started successfully!
  2025-03-01 21:31:48 [http-nio-9090-exec-1] INFO  o.a.c.c.C.[Tomcat].[localhost].[/] - Initializing Spring DispatcherServlet 'dispatcherServlet'
  2025-03-01 21:31:48 [http-nio-9090-exec-1] INFO  o.s.web.servlet.DispatcherServlet - Initializing Servlet 'dispatcherServlet'
  2025-03-01 21:31:48 [http-nio-9090-exec-1] INFO  o.s.web.servlet.DispatcherServlet - Completed initialization in 2 ms
  2025-03-01 21:31:48 [http-nio-9090-exec-1] INFO  c.e.S.controller.HelloController - Received request at /api/hello
  